2016-05-20T17:51:23+09:00 INFO Home path: [/Users/johtani/IdeaProjects/beats-workspace/tokyometrotraininfobeat] Config path: [/Users/johtani/IdeaProjects/beats-workspace/tokyometrotraininfobeat] Data path: [/Users/johtani/IdeaProjects/beats-workspace/tokyometrotraininfobeat/data] Logs path: [/Users/johtani/IdeaProjects/beats-workspace/tokyometrotraininfobeat/logs]
2016-05-20T17:51:23+09:00 INFO Setup Beat: tokyometrotraininfobeat; Version: 5.0.0-SNAPSHOT
2016-05-20T17:51:23+09:00 INFO Elasticsearch url: http://localhost:9200
2016-05-20T17:51:23+09:00 INFO Activated elasticsearch as output plugin.
2016-05-20T17:51:23+09:00 INFO Publisher name: johtani-macmini.local
2016-05-20T17:51:23+09:00 INFO Flush Interval set to: 1s
2016-05-20T17:51:23+09:00 INFO Max Bulk Size set to: 50
2016-05-20T17:51:23+09:00 INFO tokyometrotraininfobeat start running.
2016-05-20T17:51:23+09:00 INFO tokyometrotraininfobeat is running! Hit CTRL-C to stop it.
2016-05-20T17:51:23+09:00 INFO https://api.tokyometroapp.jp/api/v2/datapoints?rdf:type=odpt:TrainInformation&acl:consumerKey=159620ef8e59587d0ce05f7293f253a760cb6fd1f8f10304a0745241f041e7b7
2016-05-20T18:01:23+09:00 INFO after select
2016-05-20T18:01:24+09:00 INFO get response : 200
2016-05-20T18:01:24+09:00 INFO time:[2016-05-20T17:55:02+09:00]
2016-05-20T18:01:24+09:00 INFO time:[2016-05-19T15:30:00+09:00]
2016-05-20T18:01:24+09:00 INFO time:[2016-05-20T17:55:02+09:00]
2016-05-20T18:01:24+09:00 INFO time:[2016-05-17T14:05:00+09:00]
2016-05-20T18:01:24+09:00 INFO time:[2016-05-20T17:55:02+09:00]
2016-05-20T18:01:24+09:00 INFO time:[2016-05-20T11:40:00+09:00]
2016-05-20T18:01:24+09:00 INFO time:[2016-05-20T17:55:02+09:00]
2016-05-20T18:01:24+09:00 INFO time:[2016-05-09T14:02:00+09:00]
2016-05-20T18:01:24+09:00 INFO time:[2016-05-20T17:55:02+09:00]
2016-05-20T18:01:24+09:00 INFO time:[2016-05-19T21:36:00+09:00]
2016-05-20T18:01:24+09:00 INFO time:[2016-05-20T17:55:02+09:00]
2016-05-20T18:01:24+09:00 INFO time:[2016-04-28T11:11:00+09:00]
2016-05-20T18:01:24+09:00 INFO time:[2016-05-20T17:55:02+09:00]
2016-05-20T18:01:24+09:00 INFO time:[2016-05-17T11:39:00+09:00]
2016-05-20T18:01:24+09:00 INFO time:[2016-05-20T17:55:02+09:00]
2016-05-20T18:01:24+09:00 INFO time:[2016-05-19T19:48:00+09:00]
2016-05-20T18:01:24+09:00 INFO time:[2016-05-20T17:55:02+09:00]
2016-05-20T18:01:24+09:00 INFO time:[2016-05-16T11:30:00+09:00]
2016-05-20T18:01:24+09:00 INFO Event sent
2016-05-20T18:11:23+09:00 INFO after select
2016-05-20T18:11:24+09:00 INFO get response : 200
2016-05-20T18:11:24+09:00 INFO time:[2016-05-20T18:05:03+09:00]
2016-05-20T18:11:24+09:00 INFO time:[2016-05-19T15:30:00+09:00]
2016-05-20T18:11:24+09:00 INFO time:[2016-05-20T18:05:03+09:00]
2016-05-20T18:11:24+09:00 INFO time:[2016-05-17T14:05:00+09:00]
2016-05-20T18:11:24+09:00 INFO time:[2016-05-20T18:05:03+09:00]
2016-05-20T18:11:24+09:00 INFO time:[2016-05-20T11:40:00+09:00]
2016-05-20T18:11:24+09:00 INFO time:[2016-05-20T18:05:03+09:00]
2016-05-20T18:11:24+09:00 INFO time:[2016-05-09T14:02:00+09:00]
2016-05-20T18:11:24+09:00 INFO time:[2016-05-20T18:05:03+09:00]
2016-05-20T18:11:24+09:00 INFO time:[2016-05-19T21:36:00+09:00]
2016-05-20T18:11:24+09:00 INFO time:[2016-05-20T18:05:03+09:00]
2016-05-20T18:11:24+09:00 INFO time:[2016-04-28T11:11:00+09:00]
2016-05-20T18:11:24+09:00 INFO time:[2016-05-20T18:05:03+09:00]
2016-05-20T18:11:24+09:00 INFO time:[2016-05-17T11:39:00+09:00]
2016-05-20T18:11:24+09:00 INFO time:[2016-05-20T18:05:03+09:00]
2016-05-20T18:11:24+09:00 INFO time:[2016-05-19T19:48:00+09:00]
2016-05-20T18:11:24+09:00 INFO time:[2016-05-20T18:05:03+09:00]
2016-05-20T18:11:24+09:00 INFO time:[2016-05-16T11:30:00+09:00]
2016-05-20T18:11:24+09:00 INFO Event sent
